2025-11-11 19:13:34 [main] INFO  c.e.demo.UserServiceApplicationTests - Starting UserServiceApplicationTests using Java 17.0.12 with PID 17380 (started by ADMIN in C:\Users\ADMIN\Documents\workspace-spring-tools-for-eclipse-4.32.0.RELEASE\user-service)
2025-11-11 19:13:34 [main] DEBUG c.e.demo.UserServiceApplicationTests - Running with Spring Boot v3.5.7, Spring v6.2.12
2025-11-11 19:13:34 [main] INFO  c.e.demo.UserServiceApplicationTests - No active profile set, falling back to 1 default profile: "default"
2025-11-11 19:13:34 [main] INFO  o.s.c.c.c.ConfigServerConfigDataLoader - Fetching config from server at : http://localhost:8888
2025-11-11 19:13:34 [main] INFO  o.s.c.c.c.ConfigServerConfigDataLoader - Located environment: name=user-service, profiles=[default], label=null, version=674a98bc94c822ea6f540508f41fa864384922f0, state=
2025-11-11 19:13:40 [main] INFO  o.s.d.r.c.RepositoryConfigurationDelegate - Bootstrapping Spring Data JPA repositories in DEFAULT mode.
2025-11-11 19:13:42 [main] INFO  o.s.d.r.c.RepositoryConfigurationDelegate - Finished Spring Data repository scanning in 1246 ms. Found 1 JPA repository interface.
2025-11-11 19:13:45 [main] INFO  o.s.cloud.context.scope.GenericScope - BeanFactory id=a06330cb-c177-3085-8daa-0d91f55d5d67
2025-11-11 19:13:49 [main] INFO  o.h.jpa.internal.util.LogHelper - HHH000204: Processing PersistenceUnitInfo [name: default]
2025-11-11 19:13:50 [main] INFO  org.hibernate.Version - HHH000412: Hibernate ORM core version 6.6.33.Final
2025-11-11 19:13:50 [main] INFO  o.h.c.i.RegionFactoryInitiator - HHH000026: Second-level cache disabled
2025-11-11 19:13:52 [main] INFO  o.s.o.j.p.SpringPersistenceUnitInfo - No LoadTimeWeaver setup: ignoring JPA class transformer
2025-11-11 19:13:52 [main] INFO  com.zaxxer.hikari.HikariDataSource - HikariPool-1 - Starting...
2025-11-11 19:13:53 [main] INFO  com.zaxxer.hikari.pool.HikariPool - HikariPool-1 - Added connection com.mysql.cj.jdbc.ConnectionImpl@6c38f4de
2025-11-11 19:13:53 [main] INFO  com.zaxxer.hikari.HikariDataSource - HikariPool-1 - Start completed.
2025-11-11 19:13:53 [main] WARN  org.hibernate.orm.deprecation - HHH90000025: MySQLDialect does not need to be specified explicitly using 'hibernate.dialect' (remove the property setting and it will be selected by default)
2025-11-11 19:13:53 [main] INFO  o.hibernate.orm.connections.pooling - HHH10001005: Database info:
	Database JDBC URL [Connecting through datasource 'HikariDataSource (HikariPool-1)']
	Database driver: undefined/unknown
	Database version: 8.0.43
	Autocommit mode: undefined/unknown
	Isolation level: undefined/unknown
	Minimum pool size: undefined/unknown
	Maximum pool size: undefined/unknown
2025-11-11 19:13:57 [main] INFO  o.h.e.t.j.p.i.JtaPlatformInitiator - HHH000489: No JTA platform available (set 'hibernate.transaction.jta.platform' to enable JTA platform integration)
2025-11-11 19:13:57 [main] INFO  o.s.o.j.LocalContainerEntityManagerFactoryBean - Initialized JPA EntityManagerFactory for persistence unit 'default'
2025-11-11 19:14:01 [main] INFO  o.s.s.c.a.a.c.InitializeUserDetailsBeanManagerConfigurer$InitializeUserDetailsManagerConfigurer - Global AuthenticationManager configured with UserDetailsService bean with name customUserdetails
2025-11-11 19:14:02 [main] WARN  o.s.b.a.o.j.JpaBaseConfiguration$JpaWebConfiguration - spring.jpa.open-in-view is enabled by default. Therefore, database queries may be performed during view rendering. Explicitly configure spring.jpa.open-in-view to disable this warning
2025-11-11 19:14:10 [main] INFO  o.s.b.a.e.web.EndpointLinksResolver - Exposing 3 endpoints beneath base path '/actuator'
2025-11-11 19:14:16 [main] INFO  o.s.c.n.e.c.DiscoveryClientOptionalArgsConfiguration - Eureka HTTP Client uses RestTemplate.
2025-11-11 19:14:16 [main] WARN  o.s.c.l.c.LoadBalancerCacheAutoConfiguration$LoadBalancerCaffeineWarnLogger - Spring Cloud LoadBalancer is currently working with the default cache. While this cache implementation is useful for development and tests, it's recommended to use Caffeine cache in production.You can switch to using Caffeine cache, by adding it and org.springframework.cache.caffeine.CaffeineCacheManager to the classpath.
2025-11-11 19:14:17 [main] INFO  o.s.c.n.eureka.InstanceInfoFactory - Setting initial instance status as: STARTING
2025-11-11 19:14:17 [main] INFO  c.netflix.discovery.DiscoveryClient - Initializing Eureka in region us-east-1
2025-11-11 19:14:17 [main] INFO  c.n.d.s.r.aws.ConfigClusterResolver - Resolving eureka endpoints via configuration
2025-11-11 19:14:17 [main] INFO  c.netflix.discovery.DiscoveryClient - Disable delta property : false
2025-11-11 19:14:17 [main] INFO  c.netflix.discovery.DiscoveryClient - Single vip registry refresh property : null
2025-11-11 19:14:17 [main] INFO  c.netflix.discovery.DiscoveryClient - Force full registry fetch : false
2025-11-11 19:14:17 [main] INFO  c.netflix.discovery.DiscoveryClient - Application is null : false
2025-11-11 19:14:17 [main] INFO  c.netflix.discovery.DiscoveryClient - Registered Applications size is zero : true
2025-11-11 19:14:17 [main] INFO  c.netflix.discovery.DiscoveryClient - Application version is -1: true
2025-11-11 19:14:17 [main] INFO  c.netflix.discovery.DiscoveryClient - Getting all instance registry info from the eureka server
2025-11-11 19:14:18 [main] INFO  c.netflix.discovery.DiscoveryClient - The response status is 200
2025-11-11 19:14:18 [main] INFO  c.netflix.discovery.DiscoveryClient - Starting heartbeat executor: renew interval is: 30
2025-11-11 19:14:18 [main] INFO  c.n.discovery.InstanceInfoReplicator - InstanceInfoReplicator onDemand update allowed rate per min is 4
2025-11-11 19:14:18 [main] INFO  c.netflix.discovery.DiscoveryClient - Discovery Client initialized at timestamp 1762868658510 with initial instances count: 1
2025-11-11 19:14:18 [main] INFO  o.s.c.n.e.s.EurekaServiceRegistry - Registering application USER-SERVICE with eureka with status UP
2025-11-11 19:14:18 [main] INFO  c.netflix.discovery.DiscoveryClient - Saw local status change event StatusChangeEvent [timestamp=1762868658531, current=UP, previous=STARTING]
2025-11-11 19:14:18 [DiscoveryClient-InstanceInfoReplicator-%d] INFO  c.netflix.discovery.DiscoveryClient - DiscoveryClient_USER-SERVICE/DESKTOP-5S9OG94:user-service:8081: registering service...
2025-11-11 19:14:18 [DiscoveryClient-InstanceInfoReplicator-%d] INFO  c.netflix.discovery.DiscoveryClient - DiscoveryClient_USER-SERVICE/DESKTOP-5S9OG94:user-service:8081 - registration status: 204
2025-11-11 19:14:18 [main] INFO  c.e.demo.UserServiceApplicationTests - Started UserServiceApplicationTests in 51.284 seconds (process running for 56.613)
2025-11-11 19:14:21 [SpringApplicationShutdownHook] INFO  o.s.c.n.e.s.EurekaServiceRegistry - Unregistering application USER-SERVICE with eureka with status DOWN
2025-11-11 19:14:21 [SpringApplicationShutdownHook] INFO  c.netflix.discovery.DiscoveryClient - Saw local status change event StatusChangeEvent [timestamp=1762868661102, current=DOWN, previous=UP]
2025-11-11 19:14:21 [DiscoveryClient-InstanceInfoReplicator-%d] INFO  c.netflix.discovery.DiscoveryClient - DiscoveryClient_USER-SERVICE/DESKTOP-5S9OG94:user-service:8081: registering service...
2025-11-11 19:14:21 [DiscoveryClient-InstanceInfoReplicator-%d] INFO  c.netflix.discovery.DiscoveryClient - DiscoveryClient_USER-SERVICE/DESKTOP-5S9OG94:user-service:8081 - registration status: 204
2025-11-11 19:14:21 [SpringApplicationShutdownHook] INFO  o.s.o.j.LocalContainerEntityManagerFactoryBean - Closing JPA EntityManagerFactory for persistence unit 'default'
2025-11-11 19:14:21 [SpringApplicationShutdownHook] INFO  com.zaxxer.hikari.HikariDataSource - HikariPool-1 - Shutdown initiated...
2025-11-11 19:14:21 [SpringApplicationShutdownHook] INFO  com.zaxxer.hikari.HikariDataSource - HikariPool-1 - Shutdown completed.
2025-11-11 19:14:21 [SpringApplicationShutdownHook] INFO  c.netflix.discovery.DiscoveryClient - Shutting down DiscoveryClient ...
2025-11-11 19:14:24 [SpringApplicationShutdownHook] INFO  c.netflix.discovery.DiscoveryClient - Unregistering ...
2025-11-11 19:14:24 [SpringApplicationShutdownHook] INFO  c.netflix.discovery.DiscoveryClient - DiscoveryClient_USER-SERVICE/DESKTOP-5S9OG94:user-service:8081 - deregister  status: 200
2025-11-11 19:14:24 [SpringApplicationShutdownHook] INFO  c.netflix.discovery.DiscoveryClient - Completed shut down of DiscoveryClient
